-------------------------------------------------------------------------------
Test set: com.example.demo.CrudApplicationTests
-------------------------------------------------------------------------------
Tests run: 1, Failures: 0, Errors: 1, Skipped: 0, Time elapsed: 26.722 s <<< FAILURE! - in com.example.demo.CrudApplicationTests
contextLoads  Time elapsed: 0.003 s  <<< ERROR!
java.lang.IllegalStateException: Failed to load ApplicationContext
Caused by: org.springframework.beans.factory.BeanCreationException: 
Error creating bean with name 'requestMappingHandlerMapping' defined in class path resource [org/springframework/boot/autoconfigure/web/servlet/WebMvcAutoConfiguration$EnableWebMvcConfiguration.class]: Invocation of init method failed; nested exception is java.lang.IllegalStateException: Ambiguous mapping. Cannot map '/persona' method 
com.example.demo.controller.RestController#EditarPersona(Persona)
to {POST []}: There is already '/persona' bean method
com.example.demo.controller.RestController#EliminarPersona(Persona) mapped.
Caused by: java.lang.IllegalStateException: 
Ambiguous mapping. Cannot map '/persona' method 
com.example.demo.controller.RestController#EditarPersona(Persona)
to {POST []}: There is already '/persona' bean method
com.example.demo.controller.RestController#EliminarPersona(Persona) mapped.

